mode: set
github.com/buraksekili/rsql/cmd/cli/env.go:13.59,15.16 2 0
github.com/buraksekili/rsql/cmd/cli/env.go:18.2,21.16 3 0
github.com/buraksekili/rsql/cmd/cli/env.go:24.2,28.21 4 0
github.com/buraksekili/rsql/cmd/cli/env.go:49.2,49.19 1 0
github.com/buraksekili/rsql/cmd/cli/env.go:15.16,17.3 1 0
github.com/buraksekili/rsql/cmd/cli/env.go:21.16,23.3 1 0
github.com/buraksekili/rsql/cmd/cli/env.go:28.21,36.14 5 0
github.com/buraksekili/rsql/cmd/cli/env.go:37.15,38.21 1 0
github.com/buraksekili/rsql/cmd/cli/env.go:39.15,40.25 1 0
github.com/buraksekili/rsql/cmd/cli/env.go:41.19,42.25 1 0
github.com/buraksekili/rsql/cmd/cli/env.go:43.13,44.23 1 0
github.com/buraksekili/rsql/cmd/cli/env.go:45.15,46.21 1 0
github.com/buraksekili/rsql/cmd/cli/flags.go:25.42,28.37 1 1
github.com/buraksekili/rsql/cmd/cli/flags.go:33.2,33.20 1 1
github.com/buraksekili/rsql/cmd/cli/flags.go:37.2,38.33 2 1
github.com/buraksekili/rsql/cmd/cli/flags.go:42.2,42.34 1 1
github.com/buraksekili/rsql/cmd/cli/flags.go:46.2,46.37 1 1
github.com/buraksekili/rsql/cmd/cli/flags.go:54.2,54.62 1 1
github.com/buraksekili/rsql/cmd/cli/flags.go:63.2,63.69 1 1
github.com/buraksekili/rsql/cmd/cli/flags.go:72.2,72.45 1 1
github.com/buraksekili/rsql/cmd/cli/flags.go:28.37,30.3 1 1
github.com/buraksekili/rsql/cmd/cli/flags.go:33.20,35.3 1 1
github.com/buraksekili/rsql/cmd/cli/flags.go:38.33,40.3 1 1
github.com/buraksekili/rsql/cmd/cli/flags.go:42.34,44.3 1 1
github.com/buraksekili/rsql/cmd/cli/flags.go:46.37,47.21 1 1
github.com/buraksekili/rsql/cmd/cli/flags.go:50.3,51.36 2 1
github.com/buraksekili/rsql/cmd/cli/flags.go:47.21,49.4 1 1
github.com/buraksekili/rsql/cmd/cli/flags.go:54.62,57.22 3 1
github.com/buraksekili/rsql/cmd/cli/flags.go:60.3,60.26 1 1
github.com/buraksekili/rsql/cmd/cli/flags.go:57.22,59.4 1 1
github.com/buraksekili/rsql/cmd/cli/flags.go:63.69,66.22 3 1
github.com/buraksekili/rsql/cmd/cli/flags.go:69.3,69.26 1 1
github.com/buraksekili/rsql/cmd/cli/flags.go:66.22,68.4 1 1
github.com/buraksekili/rsql/cmd/cli/help.go:8.29,18.2 1 1
github.com/buraksekili/rsql/cmd/client/display.go:13.80,16.16 3 1
github.com/buraksekili/rsql/cmd/client/display.go:20.2,23.16 3 1
github.com/buraksekili/rsql/cmd/client/display.go:27.2,29.25 3 1
github.com/buraksekili/rsql/cmd/client/display.go:33.2,33.18 1 1
github.com/buraksekili/rsql/cmd/client/display.go:47.2,50.26 3 1
github.com/buraksekili/rsql/cmd/client/display.go:53.2,55.17 2 1
github.com/buraksekili/rsql/cmd/client/display.go:16.16,19.3 2 0
github.com/buraksekili/rsql/cmd/client/display.go:23.16,25.3 1 0
github.com/buraksekili/rsql/cmd/client/display.go:29.25,31.3 1 1
github.com/buraksekili/rsql/cmd/client/display.go:33.18,35.17 2 1
github.com/buraksekili/rsql/cmd/client/display.go:39.3,40.26 2 1
github.com/buraksekili/rsql/cmd/client/display.go:44.3,44.25 1 1
github.com/buraksekili/rsql/cmd/client/display.go:35.17,37.4 1 0
github.com/buraksekili/rsql/cmd/client/display.go:40.26,43.4 2 1
github.com/buraksekili/rsql/cmd/client/display.go:50.26,52.3 1 1
github.com/buraksekili/rsql/cmd/client/info.go:10.62,11.17 1 0
github.com/buraksekili/rsql/cmd/client/info.go:16.2,17.16 2 0
github.com/buraksekili/rsql/cmd/client/info.go:21.2,24.16 3 0
github.com/buraksekili/rsql/cmd/client/info.go:28.2,32.18 4 0
github.com/buraksekili/rsql/cmd/client/info.go:65.2,65.15 1 0
github.com/buraksekili/rsql/cmd/client/info.go:11.17,14.3 2 0
github.com/buraksekili/rsql/cmd/client/info.go:17.16,20.3 2 0
github.com/buraksekili/rsql/cmd/client/info.go:24.16,26.3 1 0
github.com/buraksekili/rsql/cmd/client/info.go:32.18,36.29 2 0
github.com/buraksekili/rsql/cmd/client/info.go:39.3,39.47 1 0
github.com/buraksekili/rsql/cmd/client/info.go:44.3,44.28 1 0
github.com/buraksekili/rsql/cmd/client/info.go:36.29,38.4 1 0
github.com/buraksekili/rsql/cmd/client/info.go:39.47,41.9 2 0
github.com/buraksekili/rsql/cmd/client/info.go:44.28,46.15 2 0
github.com/buraksekili/rsql/cmd/client/info.go:47.17,48.52 1 0
github.com/buraksekili/rsql/cmd/client/info.go:49.16,50.51 1 0
github.com/buraksekili/rsql/cmd/client/info.go:51.16,52.51 1 0
github.com/buraksekili/rsql/cmd/client/info.go:53.19,54.30 1 0
github.com/buraksekili/rsql/cmd/client/info.go:59.17,61.35 2 0
github.com/buraksekili/rsql/cmd/client/info.go:54.30,56.6 1 0
github.com/buraksekili/rsql/cmd/client/info.go:56.11,58.6 1 0
github.com/buraksekili/rsql/cmd/client/source.go:9.48,10.40 1 0
github.com/buraksekili/rsql/cmd/client/source.go:14.2,15.16 2 0
github.com/buraksekili/rsql/cmd/client/source.go:18.2,19.16 2 0
github.com/buraksekili/rsql/cmd/client/source.go:22.2,24.12 2 0
github.com/buraksekili/rsql/cmd/client/source.go:10.40,12.3 1 0
github.com/buraksekili/rsql/cmd/client/source.go:15.16,17.3 1 0
github.com/buraksekili/rsql/cmd/client/source.go:19.16,21.3 1 0
github.com/buraksekili/rsql/cmd/client/stats.go:11.48,23.2 9 1
github.com/buraksekili/rsql/cmd/client/stats.go:25.42,27.2 1 1
github.com/buraksekili/rsql/cmd/client/tables.go:13.53,15.16 2 1
github.com/buraksekili/rsql/cmd/client/tables.go:20.2,21.16 2 1
github.com/buraksekili/rsql/cmd/client/tables.go:25.2,29.25 4 1
github.com/buraksekili/rsql/cmd/client/tables.go:33.2,33.18 1 1
github.com/buraksekili/rsql/cmd/client/tables.go:45.2,46.29 2 1
github.com/buraksekili/rsql/cmd/client/tables.go:49.2,51.15 2 1
github.com/buraksekili/rsql/cmd/client/tables.go:15.16,18.3 2 0
github.com/buraksekili/rsql/cmd/client/tables.go:21.16,24.3 2 0
github.com/buraksekili/rsql/cmd/client/tables.go:29.25,31.3 1 1
github.com/buraksekili/rsql/cmd/client/tables.go:33.18,35.17 2 1
github.com/buraksekili/rsql/cmd/client/tables.go:39.3,39.26 1 1
github.com/buraksekili/rsql/cmd/client/tables.go:35.17,37.4 1 0
github.com/buraksekili/rsql/cmd/client/tables.go:39.26,42.4 2 1
github.com/buraksekili/rsql/cmd/client/tables.go:46.29,48.3 1 1
github.com/buraksekili/rsql/cmd/client/add.go:13.42,15.22 2 0
github.com/buraksekili/rsql/cmd/client/add.go:20.2,23.27 3 0
github.com/buraksekili/rsql/cmd/client/add.go:45.2,48.24 3 0
github.com/buraksekili/rsql/cmd/client/add.go:54.2,55.25 2 0
github.com/buraksekili/rsql/cmd/client/add.go:58.2,61.16 3 0
github.com/buraksekili/rsql/cmd/client/add.go:64.2,64.38 1 0
github.com/buraksekili/rsql/cmd/client/add.go:15.22,18.3 2 0
github.com/buraksekili/rsql/cmd/client/add.go:23.27,24.34 1 0
github.com/buraksekili/rsql/cmd/client/add.go:24.34,26.41 2 0
github.com/buraksekili/rsql/cmd/client/add.go:30.4,30.22 1 0
github.com/buraksekili/rsql/cmd/client/add.go:26.41,29.5 2 0
github.com/buraksekili/rsql/cmd/client/add.go:30.22,31.29 1 0
github.com/buraksekili/rsql/cmd/client/add.go:35.5,35.85 1 0
github.com/buraksekili/rsql/cmd/client/add.go:31.29,33.11 2 0
github.com/buraksekili/rsql/cmd/client/add.go:35.85,38.6 2 0
github.com/buraksekili/rsql/cmd/client/add.go:38.11,40.6 1 0
github.com/buraksekili/rsql/cmd/client/add.go:48.24,51.3 2 0
github.com/buraksekili/rsql/cmd/client/add.go:55.25,57.3 1 0
github.com/buraksekili/rsql/cmd/client/add.go:61.16,63.3 1 0
github.com/buraksekili/rsql/cmd/client/client.go:17.44,19.2 1 1
github.com/buraksekili/rsql/cmd/client/connection.go:20.43,22.16 2 0
github.com/buraksekili/rsql/cmd/client/connection.go:26.2,28.34 3 0
github.com/buraksekili/rsql/cmd/client/connection.go:32.2,38.21 5 0
github.com/buraksekili/rsql/cmd/client/connection.go:91.2,91.12 1 0
github.com/buraksekili/rsql/cmd/client/connection.go:22.16,24.3 1 0
github.com/buraksekili/rsql/cmd/client/connection.go:28.34,30.3 1 0
github.com/buraksekili/rsql/cmd/client/connection.go:38.21,39.27 1 0
github.com/buraksekili/rsql/cmd/client/connection.go:43.3,46.20 3 0
github.com/buraksekili/rsql/cmd/client/connection.go:89.3,89.22 1 0
github.com/buraksekili/rsql/cmd/client/connection.go:39.27,41.4 1 0
github.com/buraksekili/rsql/cmd/client/connection.go:46.20,48.4 1 0
github.com/buraksekili/rsql/cmd/client/connection.go:48.9,48.28 1 0
github.com/buraksekili/rsql/cmd/client/connection.go:48.28,49.19 1 0
github.com/buraksekili/rsql/cmd/client/connection.go:50.18,51.28 1 0
github.com/buraksekili/rsql/cmd/client/connection.go:52.17,53.32 1 0
github.com/buraksekili/rsql/cmd/client/connection.go:54.16,55.16 1 0
github.com/buraksekili/rsql/cmd/client/connection.go:56.13,57.15 1 0
github.com/buraksekili/rsql/cmd/client/connection.go:58.16,59.15 1 0
github.com/buraksekili/rsql/cmd/client/connection.go:60.12,61.34 1 0
github.com/buraksekili/rsql/cmd/client/connection.go:63.9,64.19 1 0
github.com/buraksekili/rsql/cmd/client/connection.go:65.16,67.25 2 0
github.com/buraksekili/rsql/cmd/client/connection.go:77.15,78.23 1 0
github.com/buraksekili/rsql/cmd/client/connection.go:79.19,80.39 1 0
github.com/buraksekili/rsql/cmd/client/connection.go:81.18,82.45 1 0
github.com/buraksekili/rsql/cmd/client/connection.go:85.12,86.34 1 0
github.com/buraksekili/rsql/cmd/client/connection.go:67.25,72.31 4 0
github.com/buraksekili/rsql/cmd/client/connection.go:75.6,75.22 1 0
github.com/buraksekili/rsql/cmd/client/connection.go:72.31,74.7 1 0
github.com/buraksekili/rsql/cmd/client/connection.go:82.45,84.6 1 0
github.com/buraksekili/rsql/cmd/client/connection.go:94.18,102.2 1 0
